生成启动时间为 2018/4/2 星期一 10:45:05。
     1>项目“E:\Working\201112_Geely_GDS_Project\HexParser\HexParser\HexParser\HexParser.vcxproj”在节点 2 上(Rebuild 个目标)。
     1>ClCompile:
         C:\Program Files (x86)\Microsoft Visual Studio 12.0\VC\bin\CL.exe /c /Zi /nologo /W3 /WX- /sdl /O2 /Oi /Oy- /GL /D WIN32 /D NDEBUG /D _WINDOWS /D _USRDLL /D HEXPARSER_EXPORTS /D _WINDLL /D _UNICODE /D UNICODE /Gm- /EHsc /MD /GS /Gy /fp:precise /Zc:wchar_t /Zc:forScope /Yc"stdafx.h" /Fp"Release\HexParser.pch" /Fo"Release\\" /Fd"Release\vc120.pdb" /Gd /TP /analyze- /errorReport:prompt stdafx.cpp
         stdafx.cpp
         C:\Program Files (x86)\Microsoft Visual Studio 12.0\VC\bin\CL.exe /c /Zi /nologo /W3 /WX- /sdl /O2 /Oi /Oy- /GL /D WIN32 /D NDEBUG /D _WINDOWS /D _USRDLL /D HEXPARSER_EXPORTS /D _WINDLL /D _UNICODE /D UNICODE /Gm- /EHsc /MD /GS /Gy /fp:precise /Zc:wchar_t /Zc:forScope /Fo"Release\\" /Fd"Release\vc120.pdb" /Gd /TP /analyze- /errorReport:prompt dllmain.cpp
         dllmain.cpp
         C:\Program Files (x86)\Microsoft Visual Studio 12.0\VC\bin\CL.exe /c /Zi /nologo /W3 /WX- /sdl /O2 /Oi /Oy- /GL /D WIN32 /D NDEBUG /D _WINDOWS /D _USRDLL /D HEXPARSER_EXPORTS /D _WINDLL /D _UNICODE /D UNICODE /Gm- /EHsc /MD /GS /Gy /fp:precise /Zc:wchar_t /Zc:forScope /Yu"stdafx.h" /Fp"Release\HexParser.pch" /Fo"Release\\" /Fd"Release\vc120.pdb" /Gd /TP /analyze- /errorReport:prompt HexFile.cpp HexParser.cpp
         HexFile.cpp
         HexParser.cpp
       Link:
         C:\Program Files (x86)\Microsoft Visual Studio 12.0\VC\bin\link.exe /ERRORREPORT:PROMPT /OUT:"E:\Working\201112_Geely_GDS_Project\HexParser\HexParser\Release\HexParser.dll" /INCREMENTAL:NO /NOLOGO kernel32.lib user32.lib gdi32.lib winspool.lib comdlg32.lib advapi32.lib shell32.lib ole32.lib oleaut32.lib uuid.lib odbc32.lib odbccp32.lib /MANIFEST /MANIFESTUAC:"level='asInvoker' uiAccess='false'" /manifest:embed /DEBUG /PDB:"E:\Working\201112_Geely_GDS_Project\HexParser\HexParser\Release\HexParser.pdb" /SUBSYSTEM:WINDOWS /OPT:REF /OPT:ICF /LTCG /TLBID:1 /DYNAMICBASE /NXCOMPAT /IMPLIB:"E:\Working\201112_Geely_GDS_Project\HexParser\HexParser\Release\HexParser.lib" /MACHINE:X86 /SAFESEH /DLL Release\dllmain.obj
         Release\HexFile.obj
         Release\HexParser.obj
         Release\stdafx.obj
            正在创建库 E:\Working\201112_Geely_GDS_Project\HexParser\HexParser\Release\HexParser.lib 和对象 E:\Working\201112_Geely_GDS_Project\HexParser\HexParser\Release\HexParser.exp
         正在生成代码
         已完成代码的生成
         HexParser.vcxproj -> E:\Working\201112_Geely_GDS_Project\HexParser\HexParser\Release\HexParser.dll
     1>已完成生成项目“E:\Working\201112_Geely_GDS_Project\HexParser\HexParser\HexParser\HexParser.vcxproj”(Rebuild 个目标)的操作。

生成成功。

已用时间 00:00:04.15
