e:\working\201112_geely_gds_project\hexparser\hexparser\hexparser\debug\hexparser.pch
e:\working\201112_geely_gds_project\hexparser\hexparser\hexparser\debug\vc120.pdb
e:\working\201112_geely_gds_project\hexparser\hexparser\hexparser\debug\vc120.idb
e:\working\201112_geely_gds_project\hexparser\hexparser\hexparser\debug\stdafx.obj
e:\working\201112_geely_gds_project\hexparser\hexparser\hexparser\debug\dllmain.obj
e:\working\201112_geely_gds_project\hexparser\hexparser\hexparser\debug\hexfile.obj
e:\working\201112_geely_gds_project\hexparser\hexparser\hexparser\debug\hexparser.obj
e:\working\201112_geely_gds_project\hexparser\hexparser\debug\hexparser.lib
e:\working\201112_geely_gds_project\hexparser\hexparser\debug\hexparser.exp
e:\working\201112_geely_gds_project\hexparser\hexparser\debug\hexparser.ilk
e:\working\201112_geely_gds_project\hexparser\hexparser\debug\hexparser.dll
e:\working\201112_geely_gds_project\hexparser\hexparser\debug\hexparser.pdb
c:\users\wh\documents\visual studio 2013\projects\fileconverter\hexparser\debug\dllmain.obj
c:\users\wh\documents\visual studio 2013\projects\fileconverter\hexparser\debug\hexfile.obj
c:\users\wh\documents\visual studio 2013\projects\fileconverter\hexparser\debug\hexparser.obj
c:\users\wh\documents\visual studio 2013\projects\fileconverter\hexparser\debug\stdafx.obj
c:\users\wh\documents\visual studio 2013\projects\fileconverter\hexparser\debug\hexparser.pch
c:\users\wh\documents\visual studio 2013\projects\fileconverter\hexparser\debug\vc120.idb
c:\users\wh\documents\visual studio 2013\projects\fileconverter\hexparser\debug\vc120.pdb
c:\users\wh\documents\visual studio 2013\projects\fileconverter\hexparser\debug\hexparser.tlog\cl.command.1.tlog
c:\users\wh\documents\visual studio 2013\projects\fileconverter\hexparser\debug\hexparser.tlog\cl.read.1.tlog
c:\users\wh\documents\visual studio 2013\projects\fileconverter\hexparser\debug\hexparser.tlog\cl.write.1.tlog
c:\users\wh\documents\visual studio 2013\projects\fileconverter\hexparser\debug\hexparser.tlog\hexparser.write.1u.tlog
c:\users\wh\documents\visual studio 2013\projects\fileconverter\hexparser\debug\hexparser.tlog\link.command.1.tlog
c:\users\wh\documents\visual studio 2013\projects\fileconverter\hexparser\debug\hexparser.tlog\link.read.1.tlog
c:\users\wh\documents\visual studio 2013\projects\fileconverter\hexparser\debug\hexparser.tlog\link.write.1.tlog
